2023-01-19 10:09:14 - INFO - GPU: [PhysicalDevice(name='/physical_device:GPU:0', device_type='GPU')]
2023-01-19 10:09:14 - INFO - -*--*--*--*--*--*--*--*--*--*--*--*--*--*--*--*--*--*--*--*--*--*--*--*--*--*--*--*--*--*--*--*--*--*--*--*--*--*--*--*--*--*--*--*--*--*--*--*--*--*-
2023-01-19 10:09:14 - INFO - TRIAL 0
2023-01-19 10:09:14 - INFO - -*--*--*--*--*--*--*--*--*--*--*--*--*--*--*--*--*--*--*--*--*--*--*--*--*--*--*--*--*--*--*--*--*--*--*--*--*--*--*--*--*--*--*--*--*--*--*--*--*--*-
2023-01-19 10:09:14 - INFO - INITIAL LOW/HIGH (0.0, 12.271401775076995)
2023-01-19 10:09:14 - INFO - CREATING NEW MODELS
2023-01-19 10:09:16 - INFO - target_parameters=array([ 0.        ,  0.64586325,  1.2917265 ,  1.93758975,  2.58345301,
        3.22931626,  3.87517951,  4.52104276,  5.16690601,  5.81276926,
        6.45863251,  7.10449576,  7.75035902,  8.39622227,  9.04208552,
        9.68794877, 10.33381202, 10.97967527, 11.62553852, 12.27140178])
2023-01-19 10:13:20 - INFO - PARAM 0.0, MEASURE 15.463737696409225
2023-01-19 10:17:30 - INFO - PARAM 0.6458632513198419, MEASURE 11.573864042758942
2023-01-19 10:21:47 - INFO - PARAM 1.2917265026396838, MEASURE 11.255494624376297
2023-01-19 10:26:09 - INFO - PARAM 1.9375897539595257, MEASURE 9.739066377282143
2023-01-19 10:30:13 - INFO - PARAM 2.5834530052793676, MEASURE 11.340068727731705
2023-01-19 10:34:27 - INFO - PARAM 3.2293162565992093, MEASURE 11.79788389801979
2023-01-19 10:38:44 - INFO - PARAM 3.8751795079190514, MEASURE 10.218913063406944
2023-01-19 10:43:03 - INFO - PARAM 4.5210427592388935, MEASURE 11.970281571149826
2023-01-19 10:47:21 - INFO - PARAM 5.166906010558735, MEASURE 10.325254499912262
2023-01-19 10:51:21 - INFO - PARAM 5.812769261878577, MEASURE 12.135234668850899
2023-01-19 10:55:31 - INFO - PARAM 6.458632513198419, MEASURE 10.11423546075821
2023-01-19 10:59:35 - INFO - PARAM 7.104495764518261, MEASURE 11.35519851744175
2023-01-19 11:03:45 - INFO - PARAM 7.750359015838103, MEASURE 10.073983386158943
2023-01-19 11:07:54 - INFO - PARAM 8.396222267157945, MEASURE 12.702637284994125
2023-01-19 11:11:57 - INFO - PARAM 9.042085518477787, MEASURE 12.108013555407524
2023-01-19 11:16:05 - INFO - PARAM 9.687948769797629, MEASURE 10.311415404081345
2023-01-19 11:20:10 - INFO - PARAM 10.33381202111747, MEASURE 11.323968768119812
2023-01-19 11:24:17 - INFO - PARAM 10.979675272437312, MEASURE 9.858057379722595
2023-01-19 11:28:21 - INFO - PARAM 11.625538523757154, MEASURE 11.56749077141285
2023-01-19 11:32:23 - INFO - PARAM 12.271401775076995, MEASURE 9.537288188934326
2023-01-19 11:32:23 - INFO - NEW PARAM RANGE (11.625538523757154, 12.271401775076995)
2023-01-19 11:32:23 - INFO - -*--*--*--*--*--*--*--*--*--*--*--*--*--*--*--*--*--*--*--*--*--*--*--*--*--*--*--*--*--*--*--*--*--*--*--*--*--*--*--*--*--*--*--*--*--*--*--*--*--*-
2023-01-19 11:32:23 - INFO - TRIAL 1
2023-01-19 11:32:23 - INFO - -*--*--*--*--*--*--*--*--*--*--*--*--*--*--*--*--*--*--*--*--*--*--*--*--*--*--*--*--*--*--*--*--*--*--*--*--*--*--*--*--*--*--*--*--*--*--*--*--*--*-
2023-01-19 11:32:23 - INFO - INITIAL LOW/HIGH (0.0, 18.689221510945785)
2023-01-19 11:32:23 - INFO - CREATING NEW MODELS
2023-01-19 11:32:24 - INFO - target_parameters=array([ 0.        ,  0.98364324,  1.96728647,  2.95092971,  3.93457295,
        4.91821619,  5.90185942,  6.88550266,  7.8691459 ,  8.85278914,
        9.83643237, 10.82007561, 11.80371885, 12.78736209, 13.77100532,
       14.75464856, 15.7382918 , 16.72193504, 17.70557827, 18.68922151])
2023-01-19 11:36:21 - INFO - PARAM 0.0, MEASURE 17.36404751241207
2023-01-19 11:41:17 - INFO - PARAM 0.9836432374181993, MEASURE 10.891951262950897
2023-01-19 11:45:25 - INFO - PARAM 1.9672864748363985, MEASURE 12.592633113265038
2023-01-19 11:49:33 - INFO - PARAM 2.950929712254598, MEASURE 12.272101327776909
2023-01-19 11:53:42 - INFO - PARAM 3.934572949672797, MEASURE 11.703515216708183
2023-01-19 11:57:57 - INFO - PARAM 4.918216187090996, MEASURE 12.175478368997574
2023-01-19 12:02:03 - INFO - PARAM 5.901859424509196, MEASURE 11.388672217726707
2023-01-19 12:06:10 - INFO - PARAM 6.8855026619273945, MEASURE 10.058908820152283
2023-01-19 12:10:12 - INFO - PARAM 7.869145899345594, MEASURE 11.073583945631981
2023-01-19 12:14:20 - INFO - PARAM 8.852789136763793, MEASURE 13.139162629842758
2023-01-19 12:18:31 - INFO - PARAM 9.836432374181992, MEASURE 14.20385754108429
2023-01-19 12:22:38 - INFO - PARAM 10.820075611600192, MEASURE 10.75323697924614
2023-01-19 12:26:45 - INFO - PARAM 11.803718849018392, MEASURE 10.842130050063133
2023-01-19 12:30:51 - INFO - PARAM 12.787362086436591, MEASURE 13.87673519551754
2023-01-19 12:35:00 - INFO - PARAM 13.771005323854789, MEASURE 12.126823708415031
2023-01-19 12:39:04 - INFO - PARAM 14.754648561272989, MEASURE 10.81714428961277
2023-01-19 12:43:04 - INFO - PARAM 15.738291798691188, MEASURE 11.828363627195358
2023-01-19 12:47:11 - INFO - PARAM 16.721935036109386, MEASURE 12.093557253479958
2023-01-19 12:51:16 - INFO - PARAM 17.705578273527586, MEASURE 12.349360436201096
2023-01-19 12:55:24 - INFO - PARAM 18.689221510945785, MEASURE 11.339021563529968
2023-01-19 12:55:24 - INFO - NEW PARAM RANGE (5.901859424509196, 7.869145899345594)
2023-01-19 12:55:24 - INFO - -*--*--*--*--*--*--*--*--*--*--*--*--*--*--*--*--*--*--*--*--*--*--*--*--*--*--*--*--*--*--*--*--*--*--*--*--*--*--*--*--*--*--*--*--*--*--*--*--*--*-
2023-01-19 12:55:24 - INFO - TRIAL 2
2023-01-19 12:55:24 - INFO - -*--*--*--*--*--*--*--*--*--*--*--*--*--*--*--*--*--*--*--*--*--*--*--*--*--*--*--*--*--*--*--*--*--*--*--*--*--*--*--*--*--*--*--*--*--*--*--*--*--*-
2023-01-19 12:55:24 - INFO - INITIAL LOW/HIGH (0.0, 14.347198675971823)
2023-01-19 12:55:24 - INFO - CREATING NEW MODELS
2023-01-19 12:55:25 - INFO - target_parameters=array([ 0.        ,  0.75511572,  1.51023144,  2.26534716,  3.02046288,
        3.7755786 ,  4.53069432,  5.28581004,  6.04092576,  6.79604148,
        7.5511572 ,  8.30627292,  9.06138864,  9.81650436, 10.57162008,
       11.3267358 , 12.08185152, 12.83696724, 13.59208296, 14.34719868])
2023-01-19 12:59:16 - INFO - PARAM 0.0, MEASURE 22.315115749835968
2023-01-19 13:04:13 - INFO - PARAM 0.7551157197879906, MEASURE 11.329239934682846
2023-01-19 13:08:21 - INFO - PARAM 1.5102314395759813, MEASURE 10.727895468473434
2023-01-19 13:12:29 - INFO - PARAM 2.265347159363972, MEASURE 11.44509756565094
2023-01-19 13:16:36 - INFO - PARAM 3.0204628791519625, MEASURE 10.62425747513771
2023-01-19 13:20:43 - INFO - PARAM 3.775578598939953, MEASURE 10.576812237501144
2023-01-19 13:24:48 - INFO - PARAM 4.530694318727944, MEASURE 10.911915391683578
2023-01-19 13:28:57 - INFO - PARAM 5.285810038515934, MEASURE 11.121107950806618
2023-01-19 13:32:55 - INFO - PARAM 6.040925758303925, MEASURE 11.325032442808151
2023-01-19 13:36:53 - INFO - PARAM 6.796041478091916, MEASURE 11.462767347693443
2023-01-19 13:41:00 - INFO - PARAM 7.551157197879906, MEASURE 11.518296748399734
2023-01-19 13:45:10 - INFO - PARAM 8.306272917667897, MEASURE 12.119561195373535
2023-01-19 13:49:09 - INFO - PARAM 9.061388637455888, MEASURE 11.293913140892982
2023-01-19 13:53:19 - INFO - PARAM 9.816504357243879, MEASURE 11.482982382178307
2023-01-19 13:57:29 - INFO - PARAM 10.571620077031868, MEASURE 11.638546422123909
2023-01-19 14:01:41 - INFO - PARAM 11.32673579681986, MEASURE 12.387169286608696
2023-01-19 14:05:47 - INFO - PARAM 12.08185151660785, MEASURE 17.003783330321312
2023-01-19 14:09:48 - INFO - PARAM 12.836967236395841, MEASURE 14.057498261332512
2023-01-19 14:14:03 - INFO - PARAM 13.592082956183832, MEASURE 13.067933663725853
2023-01-19 14:18:12 - INFO - PARAM 14.347198675971823, MEASURE 11.55824401974678
2023-01-19 14:18:12 - INFO - NEW PARAM RANGE (3.0204628791519625, 4.530694318727944)
2023-01-19 14:18:12 - INFO - -*--*--*--*--*--*--*--*--*--*--*--*--*--*--*--*--*--*--*--*--*--*--*--*--*--*--*--*--*--*--*--*--*--*--*--*--*--*--*--*--*--*--*--*--*--*--*--*--*--*-
2023-01-19 14:18:12 - INFO - TRIAL 3
2023-01-19 14:18:12 - INFO - -*--*--*--*--*--*--*--*--*--*--*--*--*--*--*--*--*--*--*--*--*--*--*--*--*--*--*--*--*--*--*--*--*--*--*--*--*--*--*--*--*--*--*--*--*--*--*--*--*--*-
2023-01-19 14:18:12 - INFO - INITIAL LOW/HIGH (0.0, 16.557666577324458)
2023-01-19 14:18:12 - INFO - CREATING NEW MODELS
2023-01-19 14:18:14 - INFO - target_parameters=array([ 0.        ,  0.87145614,  1.74291227,  2.61436841,  3.48582454,
        4.35728068,  5.22873681,  6.10019295,  6.97164909,  7.84310522,
        8.71456136,  9.58601749, 10.45747363, 11.32892976, 12.2003859 ,
       13.07184203, 13.94329817, 14.81475431, 15.68621044, 16.55766658])
2023-01-19 14:22:26 - INFO - PARAM 0.0, MEASURE 20.250327810645103
2023-01-19 14:26:42 - INFO - PARAM 0.8714561356486556, MEASURE 11.76738990843296
2023-01-19 14:30:55 - INFO - PARAM 1.7429122712973113, MEASURE 11.864339679479599
2023-01-19 14:35:12 - INFO - PARAM 2.614368406945967, MEASURE 13.083105340600014
2023-01-19 14:39:26 - INFO - PARAM 3.4858245425946226, MEASURE 15.078588709235191
2023-01-19 14:43:33 - INFO - PARAM 4.357280678243278, MEASURE 12.200224667787552
2023-01-19 14:47:36 - INFO - PARAM 5.228736813891934, MEASURE 10.809714525938034
2023-01-19 14:51:55 - INFO - PARAM 6.10019294954059, MEASURE 11.485268712043762
2023-01-19 14:56:22 - INFO - PARAM 6.971649085189245, MEASURE 11.1430883705616
2023-01-19 15:01:54 - INFO - PARAM 7.8431052208379, MEASURE 11.205093801021576
2023-01-19 15:09:43 - INFO - PARAM 8.714561356486556, MEASURE 10.435267731547356
2023-01-19 15:13:56 - INFO - PARAM 9.586017492135213, MEASURE 10.305934473872185
2023-01-19 15:18:29 - INFO - PARAM 10.457473627783868, MEASURE 14.482482135295868
2023-01-19 15:25:32 - INFO - PARAM 11.328929763432523, MEASURE 13.035033822059631
2023-01-19 15:30:46 - INFO - PARAM 12.20038589908118, MEASURE 10.00960724055767
2023-01-19 15:34:46 - INFO - PARAM 13.071842034729835, MEASURE 12.902111664414406
2023-01-19 15:38:46 - INFO - PARAM 13.94329817037849, MEASURE 12.579952955245972
2023-01-19 15:42:50 - INFO - PARAM 14.814754306027146, MEASURE 13.589817300438881
2023-01-19 15:47:58 - INFO - PARAM 15.6862104416758, MEASURE 9.665562242269516
2023-01-19 15:54:27 - INFO - PARAM 16.557666577324458, MEASURE 11.916669115424156
2023-01-19 15:54:27 - INFO - NEW PARAM RANGE (14.814754306027146, 16.557666577324458)
2023-01-19 15:54:27 - INFO - -*--*--*--*--*--*--*--*--*--*--*--*--*--*--*--*--*--*--*--*--*--*--*--*--*--*--*--*--*--*--*--*--*--*--*--*--*--*--*--*--*--*--*--*--*--*--*--*--*--*-
2023-01-19 15:54:27 - INFO - TRIAL 4
2023-01-19 15:54:27 - INFO - -*--*--*--*--*--*--*--*--*--*--*--*--*--*--*--*--*--*--*--*--*--*--*--*--*--*--*--*--*--*--*--*--*--*--*--*--*--*--*--*--*--*--*--*--*--*--*--*--*--*-
2023-01-19 15:54:27 - INFO - INITIAL LOW/HIGH (0.0, 16.579377634755705)
2023-01-19 15:54:27 - INFO - CREATING NEW MODELS
2023-01-19 15:54:29 - INFO - target_parameters=array([ 0.        ,  0.87259882,  1.74519765,  2.61779647,  3.49039529,
        4.36299411,  5.23559294,  6.10819176,  6.98079058,  7.85338941,
        8.72598823,  9.59858705, 10.47118587, 11.3437847 , 12.21638352,
       13.08898234, 13.96158117, 14.83417999, 15.70677881, 16.57937763])
2023-01-19 15:58:47 - INFO - PARAM 0.0, MEASURE 15.573238581418991
2023-01-19 16:02:49 - INFO - PARAM 0.8725988228818792, MEASURE 11.527213677763939
2023-01-19 16:06:49 - INFO - PARAM 1.7451976457637584, MEASURE 11.751643314957619
2023-01-19 16:10:53 - INFO - PARAM 2.6177964686456376, MEASURE 14.597825512290001
2023-01-19 16:15:31 - INFO - PARAM 3.4903952915275167, MEASURE 11.478089451789856
2023-01-19 16:19:50 - INFO - PARAM 4.362994114409396, MEASURE 10.526622503995895
2023-01-19 16:23:56 - INFO - PARAM 5.235592937291275, MEASURE 14.039342746138573
2023-01-19 16:27:57 - INFO - PARAM 6.108191760173154, MEASURE 10.929737657308578
2023-01-19 16:32:08 - INFO - PARAM 6.980790583055033, MEASURE 11.519218921661377
2023-01-19 16:36:18 - INFO - PARAM 7.8533894059369125, MEASURE 12.505553632974625
2023-01-19 16:40:24 - INFO - PARAM 8.725988228818792, MEASURE 11.63433450460434
2023-01-19 16:44:29 - INFO - PARAM 9.59858705170067, MEASURE 11.731526151299477
2023-01-19 16:49:21 - INFO - PARAM 10.47118587458255, MEASURE 11.15816156566143
2023-01-19 16:53:25 - INFO - PARAM 11.343784697464429, MEASURE 10.984239593148232
2023-01-19 16:57:27 - INFO - PARAM 12.216383520346309, MEASURE 11.563159063458443
2023-01-19 17:01:36 - INFO - PARAM 13.088982343228187, MEASURE 10.103382244706154
2023-01-19 17:05:43 - INFO - PARAM 13.961581166110067, MEASURE 10.938574373722076
2023-01-19 17:09:51 - INFO - PARAM 14.834179988991947, MEASURE 10.190597206354141
2023-01-19 17:13:54 - INFO - PARAM 15.706778811873825, MEASURE 11.099110692739487
2023-01-19 17:18:04 - INFO - PARAM 16.579377634755705, MEASURE 10.000703752040863
2023-01-19 17:18:04 - INFO - NEW PARAM RANGE (15.706778811873825, 16.579377634755705)
2023-01-19 17:18:04 - INFO - -*--*--*--*--*--*--*--*--*--*--*--*--*--*--*--*--*--*--*--*--*--*--*--*--*--*--*--*--*--*--*--*--*--*--*--*--*--*--*--*--*--*--*--*--*--*--*--*--*--*-
2023-01-19 17:18:04 - INFO - TRIAL 5
2023-01-19 17:18:04 - INFO - -*--*--*--*--*--*--*--*--*--*--*--*--*--*--*--*--*--*--*--*--*--*--*--*--*--*--*--*--*--*--*--*--*--*--*--*--*--*--*--*--*--*--*--*--*--*--*--*--*--*-
2023-01-19 17:18:04 - INFO - INITIAL LOW/HIGH (0.0, 10.360923777634316)
2023-01-19 17:18:04 - INFO - CREATING NEW MODELS
2023-01-19 17:18:05 - INFO - target_parameters=array([ 0.        ,  0.54531178,  1.09062356,  1.63593533,  2.18124711,
        2.72655889,  3.27187067,  3.81718244,  4.36249422,  4.907806  ,
        5.45311778,  5.99842956,  6.54374133,  7.08905311,  7.63436489,
        8.17967667,  8.72498844,  9.27030022,  9.815612  , 10.36092378])
2023-01-19 17:21:57 - INFO - PARAM 0.0, MEASURE 17.220457389950752
2023-01-19 17:26:06 - INFO - PARAM 0.5453117777702271, MEASURE 9.799086406826973
2023-01-19 17:30:09 - INFO - PARAM 1.0906235555404542, MEASURE 11.106479689478874
2023-01-19 17:34:22 - INFO - PARAM 1.6359353333106812, MEASURE 12.195569768548012
2023-01-19 17:38:32 - INFO - PARAM 2.1812471110809084, MEASURE 10.805809035897255
2023-01-19 17:42:36 - INFO - PARAM 2.7265588888511356, MEASURE 11.192288279533386
2023-01-19 17:46:40 - INFO - PARAM 3.2718706666213624, MEASURE 10.205852210521698
2023-01-19 17:50:47 - INFO - PARAM 3.8171824443915896, MEASURE 10.297805279493332
2023-01-19 17:54:58 - INFO - PARAM 4.362494222161817, MEASURE 11.811998918652534
2023-01-19 17:59:05 - INFO - PARAM 4.907805999932044, MEASURE 11.168990164995193
2023-01-19 18:03:09 - INFO - PARAM 5.453117777702271, MEASURE 10.746573120355606
2023-01-19 18:07:18 - INFO - PARAM 5.998429555472498, MEASURE 11.416069701313972
2023-01-19 18:11:25 - INFO - PARAM 6.543741333242725, MEASURE 12.210944890975952
2023-01-19 18:15:32 - INFO - PARAM 7.089053111012952, MEASURE 10.284566164016724
2023-01-19 18:19:36 - INFO - PARAM 7.634364888783179, MEASURE 10.104433462023735
2023-01-19 18:23:40 - INFO - PARAM 8.179676666553407, MEASURE 12.942417040467262
2023-01-19 18:27:50 - INFO - PARAM 8.724988444323634, MEASURE 10.925017908215523
2023-01-19 18:31:57 - INFO - PARAM 9.27030022209386, MEASURE 11.527247175574303
2023-01-19 18:36:05 - INFO - PARAM 9.815611999864087, MEASURE 9.992454320192337
2023-01-19 18:40:01 - INFO - PARAM 10.360923777634316, MEASURE 11.602575957775116
2023-01-19 18:40:01 - INFO - NEW PARAM RANGE (0.0, 1.0906235555404542)
2023-01-19 18:40:01 - INFO - -*--*--*--*--*--*--*--*--*--*--*--*--*--*--*--*--*--*--*--*--*--*--*--*--*--*--*--*--*--*--*--*--*--*--*--*--*--*--*--*--*--*--*--*--*--*--*--*--*--*-
2023-01-19 18:40:01 - INFO - TRIAL 6
2023-01-19 18:40:01 - INFO - -*--*--*--*--*--*--*--*--*--*--*--*--*--*--*--*--*--*--*--*--*--*--*--*--*--*--*--*--*--*--*--*--*--*--*--*--*--*--*--*--*--*--*--*--*--*--*--*--*--*-
2023-01-19 18:40:01 - INFO - INITIAL LOW/HIGH (0.0, 15.965373266679782)
2023-01-19 18:40:01 - INFO - CREATING NEW MODELS
2023-01-19 18:40:02 - INFO - target_parameters=array([ 0.        ,  0.8402828 ,  1.68056561,  2.52084841,  3.36113121,
        4.20141402,  5.04169682,  5.88197962,  6.72226243,  7.56254523,
        8.40282804,  9.24311084, 10.08339364, 10.92367645, 11.76395925,
       12.60424205, 13.44452486, 14.28480766, 15.12509046, 15.96537327])
2023-01-19 18:43:54 - INFO - PARAM 0.0, MEASURE 22.314182236790657
2023-01-19 18:48:01 - INFO - PARAM 0.8402828035094622, MEASURE 11.178211897611618
2023-01-19 18:52:06 - INFO - PARAM 1.6805656070189243, MEASURE 10.863535210490227
2023-01-19 18:56:06 - INFO - PARAM 2.5208484105283864, MEASURE 9.524034544825554
2023-01-19 19:00:09 - INFO - PARAM 3.3611312140378486, MEASURE 10.336383730173111
2023-01-19 19:04:17 - INFO - PARAM 4.201414017547311, MEASURE 11.0149467587471
2023-01-19 19:08:23 - INFO - PARAM 5.041696821056773, MEASURE 11.410218492150307
2023-01-19 19:12:21 - INFO - PARAM 5.8819796245662355, MEASURE 10.998255223035812
2023-01-19 19:16:25 - INFO - PARAM 6.722262428075697, MEASURE 11.410462856292725
2023-01-19 19:20:31 - INFO - PARAM 7.562545231585159, MEASURE 13.160435646772385
2023-01-19 19:24:41 - INFO - PARAM 8.402828035094622, MEASURE 11.571223884820938
2023-01-19 19:28:45 - INFO - PARAM 9.243110838604084, MEASURE 10.914043575525284
2023-01-19 19:32:51 - INFO - PARAM 10.083393642113545, MEASURE 13.442107304930687
2023-01-19 19:36:55 - INFO - PARAM 10.923676445623007, MEASURE 10.53617849946022
2023-01-19 19:41:02 - INFO - PARAM 11.763959249132471, MEASURE 11.515198186039925
2023-01-19 19:45:12 - INFO - PARAM 12.604242052641933, MEASURE 11.514647960662842
2023-01-19 19:49:14 - INFO - PARAM 13.444524856151395, MEASURE 10.92087334394455
2023-01-19 19:53:19 - INFO - PARAM 14.284807659660856, MEASURE 10.334350690245628
2023-01-19 19:57:23 - INFO - PARAM 15.125090463170318, MEASURE 12.715111657977104
2023-01-19 20:01:32 - INFO - PARAM 15.965373266679782, MEASURE 11.433445259928703
2023-01-19 20:01:32 - INFO - NEW PARAM RANGE (1.6805656070189243, 3.3611312140378486)
2023-01-19 20:01:32 - INFO - -*--*--*--*--*--*--*--*--*--*--*--*--*--*--*--*--*--*--*--*--*--*--*--*--*--*--*--*--*--*--*--*--*--*--*--*--*--*--*--*--*--*--*--*--*--*--*--*--*--*-
2023-01-19 20:01:32 - INFO - TRIAL 7
2023-01-19 20:01:32 - INFO - -*--*--*--*--*--*--*--*--*--*--*--*--*--*--*--*--*--*--*--*--*--*--*--*--*--*--*--*--*--*--*--*--*--*--*--*--*--*--*--*--*--*--*--*--*--*--*--*--*--*-
2023-01-19 20:01:32 - INFO - INITIAL LOW/HIGH (0.0, 15.657468905026724)
2023-01-19 20:01:32 - INFO - CREATING NEW MODELS
2023-01-19 20:01:35 - INFO - target_parameters=array([ 0.        ,  0.82407731,  1.64815462,  2.47223193,  3.29630924,
        4.12038655,  4.94446386,  5.76854118,  6.59261849,  7.4166958 ,
        8.24077311,  9.06485042,  9.88892773, 10.71300504, 11.53708235,
       12.36115966, 13.18523697, 14.00931428, 14.83339159, 15.65746891])
2023-01-19 20:05:28 - INFO - PARAM 0.0, MEASURE 16.245244935154915
2023-01-19 20:09:36 - INFO - PARAM 0.8240773107908802, MEASURE 11.908288106322289
2023-01-19 20:13:45 - INFO - PARAM 1.6481546215817604, MEASURE 13.176443189382553
2023-01-19 20:17:54 - INFO - PARAM 2.4722319323726407, MEASURE 12.39818562567234
2023-01-19 20:22:02 - INFO - PARAM 3.296309243163521, MEASURE 12.417927488684654
2023-01-19 20:26:12 - INFO - PARAM 4.120386553954401, MEASURE 10.625604018568993
2023-01-19 20:30:13 - INFO - PARAM 4.944463864745281, MEASURE 11.25126826763153
2023-01-19 20:34:21 - INFO - PARAM 5.7685411755361615, MEASURE 11.01509913802147
2023-01-19 20:38:22 - INFO - PARAM 6.592618486327042, MEASURE 13.648713737726212
2023-01-19 20:42:29 - INFO - PARAM 7.416695797117922, MEASURE 11.48554976284504
2023-01-19 20:46:42 - INFO - PARAM 8.240773107908803, MEASURE 12.213539242744446
2023-01-19 20:50:54 - INFO - PARAM 9.064850418699683, MEASURE 13.080236598849297
2023-01-19 20:55:02 - INFO - PARAM 9.888927729490563, MEASURE 13.500961929559708
2023-01-19 20:59:08 - INFO - PARAM 10.713005040281443, MEASURE 12.043801829218864
2023-01-19 21:03:13 - INFO - PARAM 11.537082351072323, MEASURE 10.402082368731499
2023-01-19 21:07:20 - INFO - PARAM 12.361159661863203, MEASURE 12.23155552148819
2023-01-19 21:12:20 - INFO - PARAM 13.185236972654083, MEASURE 10.226348251104355
2023-01-19 21:16:30 - INFO - PARAM 14.009314283444963, MEASURE 12.198562070727348
2023-01-19 21:20:37 - INFO - PARAM 14.833391594235843, MEASURE 10.948333621025085
2023-01-19 21:24:43 - INFO - PARAM 15.657468905026724, MEASURE 11.480002358555794
2023-01-19 21:24:43 - INFO - NEW PARAM RANGE (12.361159661863203, 14.009314283444963)
2023-01-19 21:24:43 - INFO - -*--*--*--*--*--*--*--*--*--*--*--*--*--*--*--*--*--*--*--*--*--*--*--*--*--*--*--*--*--*--*--*--*--*--*--*--*--*--*--*--*--*--*--*--*--*--*--*--*--*-
2023-01-19 21:24:43 - INFO - TRIAL 8
2023-01-19 21:24:43 - INFO - -*--*--*--*--*--*--*--*--*--*--*--*--*--*--*--*--*--*--*--*--*--*--*--*--*--*--*--*--*--*--*--*--*--*--*--*--*--*--*--*--*--*--*--*--*--*--*--*--*--*-
2023-01-19 21:24:43 - INFO - INITIAL LOW/HIGH (0.0, 17.619787469350193)
2023-01-19 21:24:43 - INFO - CREATING NEW MODELS
2023-01-19 21:24:44 - INFO - target_parameters=array([ 0.        ,  0.92735724,  1.85471447,  2.78207171,  3.70942894,
        4.63678618,  5.56414341,  6.49150065,  7.41885788,  8.34621512,
        9.27357235, 10.20092959, 11.12828682, 12.05564406, 12.98300129,
       13.91035853, 14.83771576, 15.765073  , 16.69243023, 17.61978747])
2023-01-19 21:28:33 - INFO - PARAM 0.0, MEASURE 23.335165113210678
2023-01-19 21:32:44 - INFO - PARAM 0.9273572352289575, MEASURE 11.694088250398636
2023-01-19 21:36:53 - INFO - PARAM 1.854714470457915, MEASURE 11.88239498436451
2023-01-19 21:40:59 - INFO - PARAM 2.7820717056868727, MEASURE 9.78020416200161
2023-01-19 21:45:04 - INFO - PARAM 3.70942894091583, MEASURE 10.839383989572525
2023-01-19 21:49:11 - INFO - PARAM 4.6367861761447875, MEASURE 11.823890328407288
2023-01-19 21:53:18 - INFO - PARAM 5.564143411373745, MEASURE 12.420388922095299
2023-01-19 21:57:20 - INFO - PARAM 6.491500646602702, MEASURE 11.649820670485497
2023-01-19 22:01:34 - INFO - PARAM 7.41885788183166, MEASURE 10.888662055134773
2023-01-19 22:05:46 - INFO - PARAM 8.346215117060618, MEASURE 10.084398731589317
2023-01-19 22:09:52 - INFO - PARAM 9.273572352289575, MEASURE 10.469873175024986
2023-01-19 22:13:59 - INFO - PARAM 10.200929587518532, MEASURE 11.508565619587898
2023-01-19 22:18:05 - INFO - PARAM 11.12828682274749, MEASURE 10.999529018998146
2023-01-19 22:22:13 - INFO - PARAM 12.055644057976448, MEASURE 10.907667756080627
2023-01-19 22:26:19 - INFO - PARAM 12.983001293205405, MEASURE 11.227687686681747
2023-01-19 22:30:29 - INFO - PARAM 13.910358528434363, MEASURE 11.632687494158745
2023-01-19 22:34:38 - INFO - PARAM 14.83771576366332, MEASURE 10.379284590482712
2023-01-19 22:38:45 - INFO - PARAM 15.765072998892277, MEASURE 10.376446396112442
2023-01-19 22:42:54 - INFO - PARAM 16.692430234121236, MEASURE 11.428808644413948
2023-01-19 22:47:01 - INFO - PARAM 17.619787469350193, MEASURE 10.34923443198204
2023-01-19 22:47:01 - INFO - NEW PARAM RANGE (1.854714470457915, 3.70942894091583)
2023-01-19 22:47:01 - INFO - -*--*--*--*--*--*--*--*--*--*--*--*--*--*--*--*--*--*--*--*--*--*--*--*--*--*--*--*--*--*--*--*--*--*--*--*--*--*--*--*--*--*--*--*--*--*--*--*--*--*-
2023-01-19 22:47:01 - INFO - TRIAL 9
2023-01-19 22:47:01 - INFO - -*--*--*--*--*--*--*--*--*--*--*--*--*--*--*--*--*--*--*--*--*--*--*--*--*--*--*--*--*--*--*--*--*--*--*--*--*--*--*--*--*--*--*--*--*--*--*--*--*--*-
2023-01-19 22:47:01 - INFO - INITIAL LOW/HIGH (0.0, 19.812447088988996)
2023-01-19 22:47:01 - INFO - CREATING NEW MODELS
2023-01-19 22:47:02 - INFO - target_parameters=array([ 0.        ,  1.04276037,  2.08552075,  3.12828112,  4.17104149,
        5.21380187,  6.25656224,  7.29932261,  8.34208298,  9.38484336,
       10.42760373, 11.4703641 , 12.51312448, 13.55588485, 14.59864522,
       15.6414056 , 16.68416597, 17.72692634, 18.76968672, 19.81244709])
2023-01-19 22:50:54 - INFO - PARAM 0.0, MEASURE 19.08245049417019
2023-01-19 22:55:03 - INFO - PARAM 1.042760373104684, MEASURE 12.632807835936546
2023-01-19 22:59:13 - INFO - PARAM 2.085520746209368, MEASURE 11.543901100754738
2023-01-19 23:03:20 - INFO - PARAM 3.128281119314052, MEASURE 11.819765374064445
2023-01-19 23:07:28 - INFO - PARAM 4.171041492418736, MEASURE 11.624474674463272
2023-01-19 23:11:37 - INFO - PARAM 5.21380186552342, MEASURE 12.819211065769196
2023-01-19 23:15:42 - INFO - PARAM 6.256562238628104, MEASURE 12.35102903842926
2023-01-19 23:19:54 - INFO - PARAM 7.299322611732787, MEASURE 12.64061051607132
2023-01-19 23:24:02 - INFO - PARAM 8.342082984837472, MEASURE 11.95270961523056
2023-01-19 23:28:14 - INFO - PARAM 9.384843357942156, MEASURE 10.64573560655117
2023-01-19 23:32:24 - INFO - PARAM 10.42760373104684, MEASURE 12.387268334627151
2023-01-19 23:36:30 - INFO - PARAM 11.470364104151523, MEASURE 10.11074312031269
2023-01-19 23:40:38 - INFO - PARAM 12.513124477256207, MEASURE 12.493837147951126
2023-01-19 23:44:48 - INFO - PARAM 13.555884850360892, MEASURE 11.385476991534233
2023-01-19 23:49:00 - INFO - PARAM 14.598645223465574, MEASURE 11.750013038516045
2023-01-19 23:53:11 - INFO - PARAM 15.641405596570259, MEASURE 10.646517857909203
2023-01-19 23:57:19 - INFO - PARAM 16.684165969674943, MEASURE 12.8106998950243
2023-01-20 00:01:25 - INFO - PARAM 17.726926342779628, MEASURE 12.980927303433418
2023-01-20 00:05:19 - INFO - PARAM 18.769686715884312, MEASURE 12.334201127290726
2023-01-20 00:09:22 - INFO - PARAM 19.812447088988996, MEASURE 11.146630480885506
2023-01-20 00:09:22 - INFO - NEW PARAM RANGE (10.42760373104684, 12.513124477256207)
2023-01-20 00:09:22 - INFO - -*--*--*--*--*--*--*--*--*--*--*--*--*--*--*--*--*--*--*--*--*--*--*--*--*--*--*--*--*--*--*--*--*--*--*--*--*--*--*--*--*--*--*--*--*--*--*--*--*--*-
2023-01-20 00:09:22 - INFO - TRIAL 10
2023-01-20 00:09:22 - INFO - -*--*--*--*--*--*--*--*--*--*--*--*--*--*--*--*--*--*--*--*--*--*--*--*--*--*--*--*--*--*--*--*--*--*--*--*--*--*--*--*--*--*--*--*--*--*--*--*--*--*-
2023-01-20 00:09:22 - INFO - INITIAL LOW/HIGH (0.0, 19.629519212710974)
2023-01-20 00:09:22 - INFO - CREATING NEW MODELS
2023-01-20 00:09:23 - INFO - target_parameters=array([ 0.        ,  1.03313259,  2.06626518,  3.09939777,  4.13253036,
        5.16566295,  6.19879554,  7.23192813,  8.26506072,  9.29819331,
       10.3313259 , 11.36445849, 12.39759108, 13.43072367, 14.46385626,
       15.49698885, 16.53012144, 17.56325403, 18.59638662, 19.62951921])
2023-01-20 00:13:17 - INFO - PARAM 0.0, MEASURE 26.275505110621452
2023-01-20 00:17:29 - INFO - PARAM 1.0331325901426829, MEASURE 10.737940922379494
2023-01-20 00:21:40 - INFO - PARAM 2.0662651802853658, MEASURE 10.141298562288284
2023-01-20 00:25:48 - INFO - PARAM 3.0993977704280486, MEASURE 11.74062143266201
2023-01-20 00:29:51 - INFO - PARAM 4.1325303605707315, MEASURE 10.594653859734535
2023-01-20 00:33:52 - INFO - PARAM 5.165662950713415, MEASURE 10.465081349015236
2023-01-20 00:38:01 - INFO - PARAM 6.198795540856097, MEASURE 10.971407696604729
2023-01-20 00:42:06 - INFO - PARAM 7.23192813099878, MEASURE 10.307558089494705
2023-01-20 00:46:24 - INFO - PARAM 8.265060721141463, MEASURE 12.158396765589714
2023-01-20 00:50:37 - INFO - PARAM 9.298193311284146, MEASURE 11.79088382422924
2023-01-20 00:54:42 - INFO - PARAM 10.33132590142683, MEASURE 12.096754774451256
2023-01-20 00:58:52 - INFO - PARAM 11.364458491569511, MEASURE 11.206225544214249
2023-01-20 01:02:57 - INFO - PARAM 12.397591081712195, MEASURE 10.5491241812706
2023-01-20 01:07:05 - INFO - PARAM 13.430723671854878, MEASURE 10.76296691596508
2023-01-20 01:11:14 - INFO - PARAM 14.46385626199756, MEASURE 10.623507529497147
2023-01-20 01:15:24 - INFO - PARAM 15.496988852140243, MEASURE 11.957803264260292
2023-01-20 01:19:36 - INFO - PARAM 16.530121442282926, MEASURE 11.860937431454659
2023-01-20 01:23:43 - INFO - PARAM 17.563254032425608, MEASURE 12.857795223593712
2023-01-20 01:27:52 - INFO - PARAM 18.596386622568293, MEASURE 13.258821442723274
2023-01-20 01:32:00 - INFO - PARAM 19.629519212710974, MEASURE 10.964485824108124
2023-01-20 01:32:00 - INFO - NEW PARAM RANGE (1.0331325901426829, 3.0993977704280486)
2023-01-20 01:32:00 - INFO - -*--*--*--*--*--*--*--*--*--*--*--*--*--*--*--*--*--*--*--*--*--*--*--*--*--*--*--*--*--*--*--*--*--*--*--*--*--*--*--*--*--*--*--*--*--*--*--*--*--*-
2023-01-20 01:32:00 - INFO - TRIAL 11
2023-01-20 01:32:00 - INFO - -*--*--*--*--*--*--*--*--*--*--*--*--*--*--*--*--*--*--*--*--*--*--*--*--*--*--*--*--*--*--*--*--*--*--*--*--*--*--*--*--*--*--*--*--*--*--*--*--*--*-
2023-01-20 01:32:00 - INFO - INITIAL LOW/HIGH (0.0, 14.852980020491238)
2023-01-20 01:32:00 - INFO - CREATING NEW MODELS
2023-01-20 01:32:01 - INFO - target_parameters=array([ 0.        ,  0.78173579,  1.56347158,  2.34520737,  3.12694316,
        3.90867895,  4.69041474,  5.47215053,  6.25388632,  7.03562211,
        7.81735791,  8.5990937 ,  9.38082949, 10.16256528, 10.94430107,
       11.72603686, 12.50777265, 13.28950844, 14.07124423, 14.85298002])
2023-01-20 01:35:52 - INFO - PARAM 0.0, MEASURE 25.429790496826172
2023-01-20 01:39:56 - INFO - PARAM 0.7817357905521704, MEASURE 10.714324072003365
2023-01-20 01:44:00 - INFO - PARAM 1.5634715811043407, MEASURE 12.570945620536804
2023-01-20 01:48:08 - INFO - PARAM 2.345207371656511, MEASURE 11.071074590086937
2023-01-20 01:52:16 - INFO - PARAM 3.1269431622086814, MEASURE 11.6377582103014
2023-01-20 01:56:25 - INFO - PARAM 3.9086789527608516, MEASURE 10.643398627638817
2023-01-20 02:00:31 - INFO - PARAM 4.690414743313022, MEASURE 13.13982655107975
2023-01-20 02:04:41 - INFO - PARAM 5.472150533865192, MEASURE 11.263125762343407
2023-01-20 02:08:48 - INFO - PARAM 6.253886324417363, MEASURE 9.926252216100693
2023-01-20 02:12:53 - INFO - PARAM 7.0356221149695335, MEASURE 10.433298483490944
2023-01-20 02:17:02 - INFO - PARAM 7.817357905521703, MEASURE 12.512682557106018
2023-01-20 02:21:15 - INFO - PARAM 8.599093696073874, MEASURE 11.184350937604904
2023-01-20 02:25:29 - INFO - PARAM 9.380829486626045, MEASURE 10.586839243769646
2023-01-20 02:29:33 - INFO - PARAM 10.162565277178215, MEASURE 12.46315886080265
2023-01-20 02:33:38 - INFO - PARAM 10.944301067730384, MEASURE 11.599857822060585
2023-01-20 02:37:49 - INFO - PARAM 11.726036858282555, MEASURE 13.484724462032318
2023-01-20 02:42:00 - INFO - PARAM 12.507772648834726, MEASURE 12.978388994932175
2023-01-20 02:45:56 - INFO - PARAM 13.289508439386896, MEASURE 12.061658278107643
2023-01-20 02:50:01 - INFO - PARAM 14.071244229939067, MEASURE 11.4461068212986
2023-01-20 02:54:10 - INFO - PARAM 14.852980020491238, MEASURE 10.653036743402481
2023-01-20 02:54:10 - INFO - NEW PARAM RANGE (5.472150533865192, 7.0356221149695335)
2023-01-20 02:54:10 - INFO - -*--*--*--*--*--*--*--*--*--*--*--*--*--*--*--*--*--*--*--*--*--*--*--*--*--*--*--*--*--*--*--*--*--*--*--*--*--*--*--*--*--*--*--*--*--*--*--*--*--*-
2023-01-20 02:54:10 - INFO - TRIAL 12
2023-01-20 02:54:10 - INFO - -*--*--*--*--*--*--*--*--*--*--*--*--*--*--*--*--*--*--*--*--*--*--*--*--*--*--*--*--*--*--*--*--*--*--*--*--*--*--*--*--*--*--*--*--*--*--*--*--*--*-
2023-01-20 02:54:10 - INFO - INITIAL LOW/HIGH (0.0, 17.870858554486126)
2023-01-20 02:54:10 - INFO - CREATING NEW MODELS
2023-01-20 02:54:11 - INFO - target_parameters=array([ 0.        ,  0.9405715 ,  1.88114301,  2.82171451,  3.76228601,
        4.70285751,  5.64342902,  6.58400052,  7.52457202,  8.46514353,
        9.40571503, 10.34628653, 11.28685803, 12.22742954, 13.16800104,
       14.10857254, 15.04914405, 15.98971555, 16.93028705, 17.87085855])
2023-01-20 02:58:05 - INFO - PARAM 0.0, MEASURE 20.484654903411865
2023-01-20 03:02:17 - INFO - PARAM 0.9405715028676909, MEASURE 10.548577710986137
2023-01-20 03:06:24 - INFO - PARAM 1.8811430057353817, MEASURE 11.792906358838081
2023-01-20 03:10:33 - INFO - PARAM 2.8217145086030726, MEASURE 10.519214317202568
2023-01-20 03:14:34 - INFO - PARAM 3.7622860114707635, MEASURE 10.881039664149284
2023-01-20 03:18:44 - INFO - PARAM 4.702857514338454, MEASURE 13.519875481724739
2023-01-20 03:22:51 - INFO - PARAM 5.643429017206145, MEASURE 10.946748688817024
2023-01-20 03:26:54 - INFO - PARAM 6.584000520073836, MEASURE 11.409466579556465
2023-01-20 03:30:58 - INFO - PARAM 7.524572022941527, MEASURE 12.893423944711685
2023-01-20 03:35:10 - INFO - PARAM 8.465143525809218, MEASURE 11.251536309719086
2023-01-20 03:39:18 - INFO - PARAM 9.405715028676909, MEASURE 9.890486165881157
2023-01-20 03:43:29 - INFO - PARAM 10.3462865315446, MEASURE 11.673140525817871
2023-01-20 03:47:26 - INFO - PARAM 11.28685803441229, MEASURE 9.872826889157295
2023-01-20 03:51:33 - INFO - PARAM 12.227429537279981, MEASURE 12.60253195464611
2023-01-20 03:55:40 - INFO - PARAM 13.168001040147672, MEASURE 12.103879943490028
2023-01-20 03:59:46 - INFO - PARAM 14.108572543015363, MEASURE 10.54622931778431
2023-01-20 04:03:42 - INFO - PARAM 15.049144045883054, MEASURE 11.273597911000252
2023-01-20 04:07:56 - INFO - PARAM 15.989715548750745, MEASURE 11.668610781431198
2023-01-20 04:12:08 - INFO - PARAM 16.930287051618436, MEASURE 9.911233484745026
2023-01-20 04:16:15 - INFO - PARAM 17.870858554486126, MEASURE 11.19776637852192
2023-01-20 04:16:15 - INFO - NEW PARAM RANGE (10.3462865315446, 12.227429537279981)
2023-01-20 04:16:15 - INFO - -*--*--*--*--*--*--*--*--*--*--*--*--*--*--*--*--*--*--*--*--*--*--*--*--*--*--*--*--*--*--*--*--*--*--*--*--*--*--*--*--*--*--*--*--*--*--*--*--*--*-
2023-01-20 04:16:15 - INFO - TRIAL 13
2023-01-20 04:16:15 - INFO - -*--*--*--*--*--*--*--*--*--*--*--*--*--*--*--*--*--*--*--*--*--*--*--*--*--*--*--*--*--*--*--*--*--*--*--*--*--*--*--*--*--*--*--*--*--*--*--*--*--*-
2023-01-20 04:16:15 - INFO - INITIAL LOW/HIGH (0.0, 18.628940280396158)
2023-01-20 04:16:15 - INFO - CREATING NEW MODELS
2023-01-20 04:16:16 - INFO - target_parameters=array([ 0.        ,  0.98047054,  1.96094108,  2.94141162,  3.92188216,
        4.90235271,  5.88282325,  6.86329379,  7.84376433,  8.82423487,
        9.80470541, 10.78517595, 11.76564649, 12.74611703, 13.72658758,
       14.70705812, 15.68752866, 16.6679992 , 17.64846974, 18.62894028])
2023-01-20 04:20:04 - INFO - PARAM 0.0, MEASURE 29.966768205165863
2023-01-20 04:24:12 - INFO - PARAM 0.980470541073482, MEASURE 11.897172927856445
2023-01-20 04:28:13 - INFO - PARAM 1.960941082146964, MEASURE 11.530715063214302
2023-01-20 04:32:20 - INFO - PARAM 2.941411623220446, MEASURE 12.705841049551964
2023-01-20 04:36:23 - INFO - PARAM 3.921882164293928, MEASURE 12.567274272441864
2023-01-20 04:40:28 - INFO - PARAM 4.902352705367409, MEASURE 10.40377850830555
2023-01-20 04:44:44 - INFO - PARAM 5.882823246440892, MEASURE 13.576041266322136
2023-01-20 04:48:54 - INFO - PARAM 6.863293787514374, MEASURE 12.610819980502129
2023-01-20 04:53:01 - INFO - PARAM 7.843764328587856, MEASURE 11.869741410017014
2023-01-20 04:57:04 - INFO - PARAM 8.824234869661337, MEASURE 12.209229186177254
2023-01-20 05:01:05 - INFO - PARAM 9.804705410734819, MEASURE 12.13851122558117
2023-01-20 05:05:14 - INFO - PARAM 10.785175951808302, MEASURE 11.49371312558651
2023-01-20 05:09:22 - INFO - PARAM 11.765646492881784, MEASURE 14.266263410449028
2023-01-20 05:13:29 - INFO - PARAM 12.746117033955265, MEASURE 12.52853025496006
2023-01-20 05:17:40 - INFO - PARAM 13.726587575028748, MEASURE 13.75837691128254
2023-01-20 05:21:54 - INFO - PARAM 14.70705811610223, MEASURE 11.553402185440063
2023-01-20 05:26:06 - INFO - PARAM 15.687528657175712, MEASURE 12.444568797945976
2023-01-20 05:30:16 - INFO - PARAM 16.667999198249195, MEASURE 12.603823333978653
2023-01-20 05:34:26 - INFO - PARAM 17.648469739322675, MEASURE 13.044092640280724
2023-01-20 05:38:37 - INFO - PARAM 18.628940280396158, MEASURE 12.60911999642849
2023-01-20 05:38:37 - INFO - NEW PARAM RANGE (3.921882164293928, 5.882823246440892)
2023-01-20 05:38:37 - INFO - -*--*--*--*--*--*--*--*--*--*--*--*--*--*--*--*--*--*--*--*--*--*--*--*--*--*--*--*--*--*--*--*--*--*--*--*--*--*--*--*--*--*--*--*--*--*--*--*--*--*-
2023-01-20 05:38:37 - INFO - TRIAL 14
2023-01-20 05:38:37 - INFO - -*--*--*--*--*--*--*--*--*--*--*--*--*--*--*--*--*--*--*--*--*--*--*--*--*--*--*--*--*--*--*--*--*--*--*--*--*--*--*--*--*--*--*--*--*--*--*--*--*--*-
2023-01-20 05:38:37 - INFO - INITIAL LOW/HIGH (0.0, 13.663207525255885)
2023-01-20 05:38:37 - INFO - CREATING NEW MODELS
2023-01-20 05:38:38 - INFO - target_parameters=array([ 0.        ,  0.71911619,  1.43823237,  2.15734856,  2.87646474,
        3.59558093,  4.31469711,  5.0338133 ,  5.75292948,  6.47204567,
        7.19116186,  7.91027804,  8.62939423,  9.34851041, 10.0676266 ,
       10.78674278, 11.50585897, 12.22497515, 12.94409134, 13.66320753])
2023-01-20 05:42:27 - INFO - PARAM 0.0, MEASURE 29.953325673937798
2023-01-20 05:46:31 - INFO - PARAM 0.7191161855397834, MEASURE 10.491358265280724
2023-01-20 05:50:37 - INFO - PARAM 1.4382323710795668, MEASURE 12.386682942509651
2023-01-20 05:54:45 - INFO - PARAM 2.1573485566193504, MEASURE 12.110228791832924
2023-01-20 05:58:51 - INFO - PARAM 2.8764647421591336, MEASURE 11.164309099316597
2023-01-20 06:03:06 - INFO - PARAM 3.595580927698917, MEASURE 12.893057942390442
2023-01-20 06:07:18 - INFO - PARAM 4.314697113238701, MEASURE 10.20254784822464
2023-01-20 06:11:26 - INFO - PARAM 5.033813298778484, MEASURE 10.620964542031288
2023-01-20 06:15:35 - INFO - PARAM 5.752929484318267, MEASURE 11.350594833493233
2023-01-20 06:19:44 - INFO - PARAM 6.47204566985805, MEASURE 11.051149800419807
2023-01-20 06:23:51 - INFO - PARAM 7.191161855397834, MEASURE 16.215142086148262
2023-01-20 06:27:54 - INFO - PARAM 7.910278040937618, MEASURE 12.304187059402466
2023-01-20 06:32:00 - INFO - PARAM 8.629394226477402, MEASURE 11.69702696800232
2023-01-20 06:36:07 - INFO - PARAM 9.348510412017184, MEASURE 10.072352707386017
2023-01-20 06:40:09 - INFO - PARAM 10.067626597556968, MEASURE 11.925200462341309
2023-01-20 06:44:25 - INFO - PARAM 10.78674278309675, MEASURE 11.96389465034008
2023-01-20 06:48:35 - INFO - PARAM 11.505858968636534, MEASURE 12.666085183620453
2023-01-20 06:52:48 - INFO - PARAM 12.224975154176319, MEASURE 10.292276754975319
2023-01-20 06:56:55 - INFO - PARAM 12.9440913397161, MEASURE 12.144045054912567
2023-01-20 07:00:58 - INFO - PARAM 13.663207525255885, MEASURE 12.778353199362755
2023-01-20 07:00:58 - INFO - NEW PARAM RANGE (8.629394226477402, 10.067626597556968)
2023-01-20 07:00:58 - INFO - -*--*--*--*--*--*--*--*--*--*--*--*--*--*--*--*--*--*--*--*--*--*--*--*--*--*--*--*--*--*--*--*--*--*--*--*--*--*--*--*--*--*--*--*--*--*--*--*--*--*-
2023-01-20 07:00:58 - INFO - TRIAL 15
2023-01-20 07:00:58 - INFO - -*--*--*--*--*--*--*--*--*--*--*--*--*--*--*--*--*--*--*--*--*--*--*--*--*--*--*--*--*--*--*--*--*--*--*--*--*--*--*--*--*--*--*--*--*--*--*--*--*--*-
2023-01-20 07:00:58 - INFO - INITIAL LOW/HIGH (0.0, 16.872089224351225)
2023-01-20 07:00:58 - INFO - CREATING NEW MODELS
2023-01-20 07:00:59 - INFO - target_parameters=array([ 0.        ,  0.8880047 ,  1.77600939,  2.66401409,  3.55201878,
        4.44002348,  5.32802818,  6.21603287,  7.10403757,  7.99204226,
        8.88004696,  9.76805166, 10.65605635, 11.54406105, 12.43206574,
       13.32007044, 14.20807514, 15.09607983, 15.98408453, 16.87208922])
2023-01-20 07:04:51 - INFO - PARAM 0.0, MEASURE 24.31168784201145
2023-01-20 07:08:58 - INFO - PARAM 0.8880046960184855, MEASURE 11.72311420738697
2023-01-20 07:13:02 - INFO - PARAM 1.776009392036971, MEASURE 11.248347729444504
2023-01-20 07:17:08 - INFO - PARAM 2.6640140880554566, MEASURE 13.655899971723557
2023-01-20 07:21:17 - INFO - PARAM 3.552018784073942, MEASURE 12.824822157621384
2023-01-20 07:25:34 - INFO - PARAM 4.440023480092428, MEASURE 10.930659458041191
2023-01-20 07:29:46 - INFO - PARAM 5.328028176110913, MEASURE 12.628253489732742
2023-01-20 07:33:56 - INFO - PARAM 6.216032872129398, MEASURE 12.357075989246368
2023-01-20 07:38:06 - INFO - PARAM 7.104037568147884, MEASURE 11.984593719244003
2023-01-20 07:42:14 - INFO - PARAM 7.99204226416637, MEASURE 10.579462185502052
2023-01-20 07:46:21 - INFO - PARAM 8.880046960184856, MEASURE 10.647153034806252
2023-01-20 07:50:28 - INFO - PARAM 9.76805165620334, MEASURE 12.105022192001343
2023-01-20 07:54:37 - INFO - PARAM 10.656056352221826, MEASURE 12.194394290447235
2023-01-20 07:58:41 - INFO - PARAM 11.544061048240312, MEASURE 11.78506737947464
2023-01-20 08:02:49 - INFO - PARAM 12.432065744258797, MEASURE 11.834184885025024
2023-01-20 08:06:54 - INFO - PARAM 13.320070440277282, MEASURE 10.929320499300957
2023-01-20 08:11:09 - INFO - PARAM 14.208075136295768, MEASURE 14.841106623411179
2023-01-20 08:15:22 - INFO - PARAM 15.096079832314254, MEASURE 11.244474083185196
2023-01-20 08:19:35 - INFO - PARAM 15.98408452833274, MEASURE 12.64475105702877
2023-01-20 08:23:45 - INFO - PARAM 16.872089224351225, MEASURE 12.120741724967957
2023-01-20 08:23:45 - INFO - NEW PARAM RANGE (7.104037568147884, 8.880046960184856)
2023-01-20 08:23:45 - INFO - -*--*--*--*--*--*--*--*--*--*--*--*--*--*--*--*--*--*--*--*--*--*--*--*--*--*--*--*--*--*--*--*--*--*--*--*--*--*--*--*--*--*--*--*--*--*--*--*--*--*-
2023-01-20 08:23:45 - INFO - TRIAL 16
2023-01-20 08:23:45 - INFO - -*--*--*--*--*--*--*--*--*--*--*--*--*--*--*--*--*--*--*--*--*--*--*--*--*--*--*--*--*--*--*--*--*--*--*--*--*--*--*--*--*--*--*--*--*--*--*--*--*--*-
2023-01-20 08:23:45 - INFO - INITIAL LOW/HIGH (0.0, 10.676802617697096)
2023-01-20 08:23:45 - INFO - CREATING NEW MODELS
2023-01-20 08:23:46 - INFO - target_parameters=array([ 0.        ,  0.56193698,  1.12387396,  1.68581094,  2.24774792,
        2.8096849 ,  3.37162188,  3.93355886,  4.49549584,  5.05743282,
        5.6193698 ,  6.18130678,  6.74324376,  7.30518074,  7.86711772,
        8.4290547 ,  8.99099168,  9.55292866, 10.11486564, 10.67680262])
2023-01-20 08:27:39 - INFO - PARAM 0.0, MEASURE 15.390875220298767
2023-01-20 08:31:44 - INFO - PARAM 0.5619369798787945, MEASURE 12.83173380792141
2023-01-20 08:35:52 - INFO - PARAM 1.123873959757589, MEASURE 11.551923722028732
2023-01-20 08:39:54 - INFO - PARAM 1.6858109396363836, MEASURE 11.14905495941639
2023-01-20 08:44:02 - INFO - PARAM 2.247747919515178, MEASURE 11.443253636360168
2023-01-20 08:48:10 - INFO - PARAM 2.8096848993939725, MEASURE 12.205329030752182
2023-01-20 08:52:20 - INFO - PARAM 3.3716218792727672, MEASURE 12.6588763743639
2023-01-20 08:56:34 - INFO - PARAM 3.933558859151562, MEASURE 11.493468925356865
2023-01-20 09:00:46 - INFO - PARAM 4.495495839030356, MEASURE 10.618527382612228
2023-01-20 09:04:59 - INFO - PARAM 5.057432818909151, MEASURE 11.258447304368019
2023-01-20 09:09:11 - INFO - PARAM 5.619369798787945, MEASURE 10.732807472348213
2023-01-20 09:13:21 - INFO - PARAM 6.18130677866674, MEASURE 13.11111631989479
2023-01-20 09:17:33 - INFO - PARAM 6.7432437585455345, MEASURE 11.927199587225914
